<?xml version="1.0" encoding="UTF-8"?>
<testsuite name="org.scoula.board.controller.BoardControllerTest" tests="5" skipped="0" failures="0" errors="0" timestamp="2024-08-12T01:59:29" hostname="M504" time="0.238">
  <properties/>
  <testcase name="create()" classname="org.scoula.board.controller.BoardControllerTest" time="0.155"/>
  <testcase name="delete()" classname="org.scoula.board.controller.BoardControllerTest" time="0.012"/>
  <testcase name="update()" classname="org.scoula.board.controller.BoardControllerTest" time="0.011"/>
  <testcase name="get()" classname="org.scoula.board.controller.BoardControllerTest" time="0.031"/>
  <testcase name="list()" classname="org.scoula.board.controller.BoardControllerTest" time="0.023"/>
  <system-out><![CDATA[log4j: reset attribute= "false".
log4j: Threshold ="null".
log4j: Retreiving an instance of org.apache.log4j.Logger.
log4j: Setting [org.scoula] additivity to [true].
log4j: Level value for org.scoula is  [info].
log4j: org.scoula level set to INFO
log4j: Retreiving an instance of org.apache.log4j.Logger.
log4j: Setting [org.springframework.core] additivity to [true].
log4j: Level value for org.springframework.core is  [info].
log4j: org.springframework.core level set to INFO
log4j: Retreiving an instance of org.apache.log4j.Logger.
log4j: Setting [org.springframework.beans] additivity to [true].
log4j: Level value for org.springframework.beans is  [info].
log4j: org.springframework.beans level set to INFO
log4j: Retreiving an instance of org.apache.log4j.Logger.
log4j: Setting [org.springframework.context] additivity to [true].
log4j: Level value for org.springframework.context is  [info].
log4j: org.springframework.context level set to INFO
log4j: Retreiving an instance of org.apache.log4j.Logger.
log4j: Setting [org.springframework.web] additivity to [true].
log4j: Level value for org.springframework.web is  [info].
log4j: org.springframework.web level set to INFO
log4j: Retreiving an instance of org.apache.log4j.Logger.
log4j: Setting [_org.springframework.web.servlet.HandlerMapping.Mappings] additivity to [true].
log4j: Level value for _org.springframework.web.servlet.HandlerMapping.Mappings is  [debug].
log4j: _org.springframework.web.servlet.HandlerMapping.Mappings level set to DEBUG
log4j: Level value for root is  [info].
log4j: root level set to INFO
log4j: Class name: [org.apache.log4j.ConsoleAppender]
log4j: Setting property [target] to [System.out].
log4j: Parsing layout of class: "org.apache.log4j.PatternLayout"
log4j: Setting property [conversionPattern] to [%-5p: %c - %m%n].
log4j: Adding appender named [console] to category [root].
INFO : org.springframework.test.context.web.WebTestContextBootstrapper - Loaded default TestExecutionListener class names from location [META-INF/spring.factories]: [org.springframework.test.context.web.ServletTestExecutionListener, org.springframework.test.context.support.DirtiesContextBeforeModesTestExecutionListener, org.springframework.test.context.event.ApplicationEventsTestExecutionListener, org.springframework.test.context.support.DependencyInjectionTestExecutionListener, org.springframework.test.context.support.DirtiesContextTestExecutionListener, org.springframework.test.context.transaction.TransactionalTestExecutionListener, org.springframework.test.context.jdbc.SqlScriptsTestExecutionListener, org.springframework.test.context.event.EventPublishingTestExecutionListener]
INFO : org.springframework.test.context.web.WebTestContextBootstrapper - Using TestExecutionListeners: [org.springframework.test.context.web.ServletTestExecutionListener@45e37a7e, org.springframework.test.context.support.DirtiesContextBeforeModesTestExecutionListener@62452cc9, org.springframework.test.context.event.ApplicationEventsTestExecutionListener@6941827a, org.springframework.test.context.support.DependencyInjectionTestExecutionListener@5a7005d, org.springframework.test.context.support.DirtiesContextTestExecutionListener@5bc9ba1d, org.springframework.test.context.transaction.TransactionalTestExecutionListener@1021f6c9, org.springframework.test.context.jdbc.SqlScriptsTestExecutionListener@7516e4e5, org.springframework.test.context.event.EventPublishingTestExecutionListener@488eb7f2]
INFO : com.zaxxer.hikari.HikariDataSource - HikariPool-1 - Starting...
INFO : jdbc.connection - 1. Connection opened
INFO : jdbc.audit - 1. Connection.new Connection returned 
INFO : com.zaxxer.hikari.pool.PoolBase - HikariPool-1 - Driver does not support get/set network timeout for connections. (Receiver class net.sf.log4jdbc.sql.jdbcapi.ConnectionSpy does not define or inherit an implementation of the resolved method 'abstract int getNetworkTimeout()' of interface java.sql.Connection.)
INFO : jdbc.audit - 1. Connection.setReadOnly(false) returned 
INFO : jdbc.audit - 1. Connection.setAutoCommit(true) returned 
INFO : jdbc.audit - 1. Connection.isValid(1) returned true
INFO : jdbc.audit - 1. Connection.getTransactionIsolation() returned 4
INFO : com.zaxxer.hikari.HikariDataSource - HikariPool-1 - Start completed.
INFO : jdbc.connection - 2. Connection opened
INFO : jdbc.audit - 2. Connection.new Connection returned 
INFO : jdbc.audit - 2. Connection.setReadOnly(false) returned 
INFO : jdbc.audit - 2. Connection.setAutoCommit(true) returned 
INFO : jdbc.connection - 3. Connection opened
INFO : jdbc.audit - 3. Connection.new Connection returned 
INFO : jdbc.audit - 3. Connection.setReadOnly(false) returned 
INFO : jdbc.audit - 3. Connection.setAutoCommit(true) returned 
INFO : jdbc.connection - 4. Connection opened
INFO : jdbc.audit - 4. Connection.new Connection returned 
INFO : jdbc.audit - 4. Connection.setReadOnly(false) returned 
INFO : jdbc.audit - 4. Connection.setAutoCommit(true) returned 
INFO : jdbc.connection - 5. Connection opened
INFO : jdbc.audit - 5. Connection.new Connection returned 
INFO : jdbc.audit - 5. Connection.setReadOnly(false) returned 
INFO : jdbc.audit - 5. Connection.setAutoCommit(true) returned 
INFO : jdbc.connection - 6. Connection opened
INFO : jdbc.audit - 6. Connection.new Connection returned 
INFO : jdbc.audit - 6. Connection.setReadOnly(false) returned 
INFO : jdbc.audit - 6. Connection.setAutoCommit(true) returned 
INFO : jdbc.connection - 7. Connection opened
INFO : jdbc.audit - 7. Connection.new Connection returned 
INFO : jdbc.audit - 7. Connection.setReadOnly(false) returned 
INFO : jdbc.audit - 7. Connection.setAutoCommit(true) returned 
INFO : jdbc.connection - 8. Connection opened
INFO : jdbc.audit - 8. Connection.new Connection returned 
INFO : jdbc.audit - 8. Connection.setReadOnly(false) returned 
INFO : jdbc.audit - 8. Connection.setAutoCommit(true) returned 
INFO : jdbc.connection - 9. Connection opened
INFO : jdbc.audit - 9. Connection.new Connection returned 
INFO : jdbc.audit - 9. Connection.setReadOnly(false) returned 
INFO : jdbc.audit - 9. Connection.setAutoCommit(true) returned 
INFO : jdbc.connection - 10. Connection opened
INFO : jdbc.audit - 10. Connection.new Connection returned 
INFO : jdbc.audit - 10. Connection.setReadOnly(false) returned 
INFO : jdbc.audit - 10. Connection.setAutoCommit(true) returned 
DEBUG: _org.springframework.web.servlet.HandlerMapping.Mappings - 
	o.s.c.HomeController:
	{GET [/]}: home(Model)
DEBUG: _org.springframework.web.servlet.HandlerMapping.Mappings - 
	o.s.b.c.BoardController:
	{GET [/board/get || /board/update]}: get(Long,Model)
	{POST [/board/update]}: update(BoardDTO)
	{GET [/board/list]}: list(Model)
	{POST [/board/delete]}: delete(Long)
	{POST [/board/create]}: create(BoardDTO)
	{GET [/board/create]}: create()
DEBUG: _org.springframework.web.servlet.HandlerMapping.Mappings - 'beanNameHandlerMapping' {}
DEBUG: _org.springframework.web.servlet.HandlerMapping.Mappings - 'resourceHandlerMapping' {/resources/**=ResourceHttpRequestHandler [ServletContext [/resources/]]}
INFO : org.springframework.mock.web.MockServletContext - Initializing Spring TestDispatcherServlet ''
INFO : org.springframework.test.web.servlet.TestDispatcherServlet - Initializing Servlet ''
INFO : org.springframework.test.web.servlet.TestDispatcherServlet - Completed initialization in 1 ms
INFO : org.scoula.board.controller.BoardController - create: BoardDTO(no=null, title=테스트 새글 제목, content=테스트 새글 내용, writer=user1, regDate=null, updateDate=null)
INFO : jdbc.audit - 1. Connection.isValid(5) returned true
INFO : jdbc.audit - 1. Connection.getAutoCommit() returned true
INFO : jdbc.audit - 1. PreparedStatement.new PreparedStatement returned 
INFO : jdbc.audit - 1. Connection.prepareStatement(insert into tbl_board (title, content, writer)
        values (?, ?, ?)) returned net.sf.log4jdbc.sql.jdbcapi.PreparedStatementSpy@11d2dd2d
INFO : jdbc.audit - 1. PreparedStatement.setString(1, "테스트 새글 제목") returned 
INFO : jdbc.audit - 1. PreparedStatement.setString(2, "테스트 새글 내용") returned 
INFO : jdbc.audit - 1. PreparedStatement.setString(3, "user1") returned 
INFO : jdbc.sqlonly - insert into tbl_board (title, content, writer) values ('테스트 새글 제목', '테스트 새글 내용', 'user1') 

INFO : jdbc.sqltiming - insert into tbl_board (title, content, writer) values ('테스트 새글 제목', '테스트 새글 내용', 'user1') 
 {executed in 8 msec}
INFO : jdbc.audit - 1. PreparedStatement.execute() returned false
INFO : jdbc.audit - 1. PreparedStatement.getUpdateCount() returned 1
INFO : jdbc.audit - 1. PreparedStatement.new PreparedStatement returned 
INFO : jdbc.audit - 1. Connection.prepareStatement(SELECT LAST_INSERT_ID()) returned net.sf.log4jdbc.sql.jdbcapi.PreparedStatementSpy@3e546734
INFO : jdbc.sqlonly - SELECT LAST_INSERT_ID() 

INFO : jdbc.sqltiming - SELECT LAST_INSERT_ID() 
 {executed in 8 msec}
INFO : jdbc.audit - 1. PreparedStatement.execute() returned true
INFO : jdbc.resultset - 1. ResultSet.new ResultSet returned 
INFO : jdbc.audit - 1. PreparedStatement.getResultSet() returned net.sf.log4jdbc.sql.jdbcapi.ResultSetSpy@19e21f89
INFO : jdbc.resultset - 1. ResultSet.getMetaData() returned com.mysql.cj.jdbc.result.ResultSetMetaData@6909f6be - Field level information: 
	com.mysql.cj.result.Field@6b5ab2f2[dbName=null,tableName=null,originalTableName=null,columnName=LAST_INSERT_ID(),originalColumnName=null,mysqlType=8(FIELD_TYPE_BIGINT UNSIGNED),sqlType=-5,flags= BINARY UNSIGNED, charsetIndex=63, charsetName=ISO-8859-1]
INFO : jdbc.resultset - 1. ResultSet.getType() returned 1003
INFO : jdbc.resultset - 1. ResultSet.next() returned true
INFO : jdbc.resultset - 1. ResultSet.getLong(LAST_INSERT_ID()) returned 14
INFO : jdbc.resultset - 1. ResultSet.wasNull() returned false
INFO : jdbc.resultsettable - 
|-----------------|
|last_insert_id() |
|-----------------|
|14               |
|-----------------|

INFO : jdbc.resultset - 1. ResultSet.next() returned false
INFO : jdbc.resultset - 1. ResultSet.close() returned void
INFO : jdbc.audit - 1. Connection.getMetaData() returned com.mysql.cj.jdbc.DatabaseMetaDataUsingInfoSchema@519c6fcc
INFO : jdbc.audit - 1. PreparedStatement.getMoreResults() returned false
INFO : jdbc.audit - 1. PreparedStatement.getUpdateCount() returned -1
INFO : jdbc.audit - 1. PreparedStatement.isClosed() returned false
INFO : jdbc.audit - 1. PreparedStatement.close() returned 
INFO : jdbc.audit - 1. PreparedStatement.isClosed() returned false
INFO : jdbc.audit - 1. PreparedStatement.close() returned 
INFO : jdbc.audit - 1. Connection.clearWarnings() returned 
INFO : org.scoula.board.controller.BoardControllerTest - redirect:/board/list
INFO : org.springframework.mock.web.MockServletContext - Initializing Spring TestDispatcherServlet ''
INFO : org.springframework.test.web.servlet.TestDispatcherServlet - Initializing Servlet ''
INFO : org.springframework.test.web.servlet.TestDispatcherServlet - Completed initialization in 1 ms
INFO : org.scoula.board.controller.BoardController - delete...25
INFO : org.scoula.board.service.BoardServiceImpl - delete....25
INFO : jdbc.audit - 1. Connection.getAutoCommit() returned true
INFO : jdbc.audit - 1. PreparedStatement.new PreparedStatement returned 
INFO : jdbc.audit - 1. Connection.prepareStatement(delete from tbl_board where no = ?) returned net.sf.log4jdbc.sql.jdbcapi.PreparedStatementSpy@196624bf
INFO : jdbc.audit - 1. PreparedStatement.setLong(1, 25) returned 
INFO : jdbc.sqlonly - delete from tbl_board where no = 25 

INFO : jdbc.sqltiming - delete from tbl_board where no = 25 
 {executed in 2 msec}
INFO : jdbc.audit - 1. PreparedStatement.execute() returned false
INFO : jdbc.audit - 1. PreparedStatement.getUpdateCount() returned 0
INFO : jdbc.audit - 1. PreparedStatement.isClosed() returned false
INFO : jdbc.audit - 1. PreparedStatement.close() returned 
INFO : jdbc.audit - 1. Connection.clearWarnings() returned 
INFO : org.scoula.board.controller.BoardControllerTest - redirect:/board/list
INFO : org.springframework.mock.web.MockServletContext - Initializing Spring TestDispatcherServlet ''
INFO : org.springframework.test.web.servlet.TestDispatcherServlet - Initializing Servlet ''
INFO : org.springframework.test.web.servlet.TestDispatcherServlet - Completed initialization in 0 ms
INFO : org.scoula.board.controller.BoardController - update:BoardDTO(no=1, title=수정된 테스트 새글 제목, content=수정된 테스트 새글 내용, writer=user00, regDate=null, updateDate=null)
INFO : org.scoula.board.service.BoardServiceImpl - update......BoardDTO(no=1, title=수정된 테스트 새글 제목, content=수정된 테스트 새글 내용, writer=user00, regDate=null, updateDate=null)
INFO : jdbc.audit - 1. Connection.getAutoCommit() returned true
INFO : jdbc.audit - 1. PreparedStatement.new PreparedStatement returned 
INFO : jdbc.audit - 1. Connection.prepareStatement(update tbl_board set
                             title = ?,
                             content = ?,
                             writer = ?,
                             update_date = now()
        where no = ?) returned net.sf.log4jdbc.sql.jdbcapi.PreparedStatementSpy@3bb9ca38
INFO : jdbc.audit - 1. PreparedStatement.setString(1, "수정된 테스트 새글 제목") returned 
INFO : jdbc.audit - 1. PreparedStatement.setString(2, "수정된 테스트 새글 내용") returned 
INFO : jdbc.audit - 1. PreparedStatement.setString(3, "user00") returned 
INFO : jdbc.audit - 1. PreparedStatement.setLong(4, 1) returned 
INFO : jdbc.sqlonly - update tbl_board set title = '수정된 테스트 새글 제목', content = '수정된 테스트 새글 내용', writer = 'user00', 
update_date = now() where no = 1 

INFO : jdbc.sqltiming - update tbl_board set title = '수정된 테스트 새글 제목', content = '수정된 테스트 새글 내용', writer = 'user00', 
update_date = now() where no = 1 
 {executed in 5 msec}
INFO : jdbc.audit - 1. PreparedStatement.execute() returned false
INFO : jdbc.audit - 1. PreparedStatement.getUpdateCount() returned 1
INFO : jdbc.audit - 1. PreparedStatement.isClosed() returned false
INFO : jdbc.audit - 1. PreparedStatement.close() returned 
INFO : jdbc.audit - 1. Connection.clearWarnings() returned 
INFO : org.scoula.board.controller.BoardControllerTest - redirect:/board/list
INFO : org.springframework.mock.web.MockServletContext - Initializing Spring TestDispatcherServlet ''
INFO : org.springframework.test.web.servlet.TestDispatcherServlet - Initializing Servlet ''
INFO : org.springframework.test.web.servlet.TestDispatcherServlet - Completed initialization in 1 ms
INFO : org.scoula.board.controller.BoardController - /get or update
INFO : org.scoula.board.service.BoardServiceImpl - get......1
INFO : jdbc.audit - 1. Connection.getAutoCommit() returned true
INFO : jdbc.audit - 1. PreparedStatement.new PreparedStatement returned 
INFO : jdbc.audit - 1. Connection.prepareStatement(select * from tbl_board where no = ?) returned net.sf.log4jdbc.sql.jdbcapi.PreparedStatementSpy@365afe87
INFO : jdbc.audit - 1. PreparedStatement.setLong(1, 1) returned 
INFO : jdbc.sqlonly - select * from tbl_board where no = 1 

INFO : jdbc.sqltiming - select * from tbl_board where no = 1 
 {executed in 5 msec}
INFO : jdbc.audit - 1. PreparedStatement.execute() returned true
INFO : jdbc.resultset - 1. ResultSet.new ResultSet returned 
INFO : jdbc.audit - 1. PreparedStatement.getResultSet() returned net.sf.log4jdbc.sql.jdbcapi.ResultSetSpy@7fbd3e75
INFO : jdbc.resultset - 1. ResultSet.getMetaData() returned com.mysql.cj.jdbc.result.ResultSetMetaData@198536f6 - Field level information: 
	com.mysql.cj.result.Field@7fdd43cd[dbName=scoula_db,tableName=tbl_board,originalTableName=tbl_board,columnName=no,originalColumnName=no,mysqlType=3(FIELD_TYPE_INT),sqlType=4,flags= AUTO_INCREMENT PRIMARY_KEY, charsetIndex=63, charsetName=ISO-8859-1]
	com.mysql.cj.result.Field@3a38f122[dbName=scoula_db,tableName=tbl_board,originalTableName=tbl_board,columnName=title,originalColumnName=title,mysqlType=253(FIELD_TYPE_VARCHAR),sqlType=12,flags=, charsetIndex=255, charsetName=UTF-8]
	com.mysql.cj.result.Field@2ce03e86[dbName=scoula_db,tableName=tbl_board,originalTableName=tbl_board,columnName=content,originalColumnName=content,mysqlType=252(FIELD_TYPE_TEXT),sqlType=-1,flags= BLOB, charsetIndex=255, charsetName=UTF-8]
	com.mysql.cj.result.Field@1c628f6a[dbName=scoula_db,tableName=tbl_board,originalTableName=tbl_board,columnName=writer,originalColumnName=writer,mysqlType=253(FIELD_TYPE_VARCHAR),sqlType=12,flags=, charsetIndex=255, charsetName=UTF-8]
	com.mysql.cj.result.Field@9b47400[dbName=scoula_db,tableName=tbl_board,originalTableName=tbl_board,columnName=reg_date,originalColumnName=reg_date,mysqlType=12(FIELD_TYPE_DATETIME),sqlType=93,flags= BINARY, charsetIndex=63, charsetName=ISO-8859-1]
	com.mysql.cj.result.Field@747835f5[dbName=scoula_db,tableName=tbl_board,originalTableName=tbl_board,columnName=update_date,originalColumnName=update_date,mysqlType=12(FIELD_TYPE_DATETIME),sqlType=93,flags= BINARY, charsetIndex=63, charsetName=ISO-8859-1]
INFO : jdbc.resultset - 1. ResultSet.getType() returned 1003
INFO : jdbc.resultset - 1. ResultSet.next() returned true
INFO : jdbc.resultset - 1. ResultSet.getLong(no) returned 1
INFO : jdbc.resultset - 1. ResultSet.wasNull() returned false
INFO : jdbc.resultset - 1. ResultSet.getString(title) returned 수정된 테스트 새글 제목
INFO : jdbc.resultset - 1. ResultSet.wasNull() returned false
INFO : jdbc.resultset - 1. ResultSet.getClob(content) returned com.mysql.cj.jdbc.Clob@2a50b32d
INFO : jdbc.resultset - 1. ResultSet.wasNull() returned false
INFO : jdbc.resultset - 1. ResultSet.getString(writer) returned user00
INFO : jdbc.resultset - 1. ResultSet.wasNull() returned false
INFO : jdbc.resultset - 1. ResultSet.getTimestamp(reg_date) returned 2024-08-07 10:51:01.0
INFO : jdbc.resultset - 1. ResultSet.wasNull() returned false
INFO : jdbc.resultset - 1. ResultSet.getTimestamp(update_date) returned 2024-08-12 10:59:29.0
INFO : jdbc.resultset - 1. ResultSet.wasNull() returned false
INFO : jdbc.resultsettable - 
|---|--------------|---------|-------|----------------------|----------------------|
|no |title         |content  |writer |reg_date              |update_date           |
|---|--------------|---------|-------|----------------------|----------------------|
|1  |수정된 테스트 새글 제목 |[unread] |user00 |2024-08-07 10:51:01.0 |2024-08-12 10:59:29.0 |
|---|--------------|---------|-------|----------------------|----------------------|

INFO : jdbc.resultset - 1. ResultSet.next() returned false
INFO : jdbc.resultset - 1. ResultSet.close() returned void
INFO : jdbc.audit - 1. Connection.getMetaData() returned com.mysql.cj.jdbc.DatabaseMetaDataUsingInfoSchema@794f11cd
INFO : jdbc.audit - 1. PreparedStatement.getMoreResults() returned false
INFO : jdbc.audit - 1. PreparedStatement.getUpdateCount() returned -1
INFO : jdbc.audit - 1. PreparedStatement.isClosed() returned false
INFO : jdbc.audit - 1. PreparedStatement.close() returned 
INFO : jdbc.audit - 1. Connection.clearWarnings() returned 
INFO : org.scoula.board.controller.BoardControllerTest - {board=BoardDTO(no=1, title=수정된 테스트 새글 제목, content=수정된 테스트 새글 내용, writer=user00, regDate=Wed Aug 07 10:51:01 KST 2024, updateDate=Mon Aug 12 10:59:29 KST 2024), org.springframework.validation.BindingResult.board=org.springframework.validation.BeanPropertyBindingResult: 0 errors}
INFO : org.springframework.mock.web.MockServletContext - Initializing Spring TestDispatcherServlet ''
INFO : org.springframework.test.web.servlet.TestDispatcherServlet - Initializing Servlet ''
INFO : org.springframework.test.web.servlet.TestDispatcherServlet - Completed initialization in 0 ms
INFO : org.scoula.board.controller.BoardController - list
INFO : org.scoula.board.service.BoardServiceImpl - getList..........
INFO : jdbc.audit - 1. Connection.getAutoCommit() returned true
INFO : jdbc.audit - 1. PreparedStatement.new PreparedStatement returned 
INFO : jdbc.audit - 1. Connection.prepareStatement(select * from tbl_board
        order by no desc) returned net.sf.log4jdbc.sql.jdbcapi.PreparedStatementSpy@4d4436d0
INFO : jdbc.sqlonly - select * from tbl_board order by no desc 

INFO : jdbc.sqltiming - select * from tbl_board order by no desc 
 {executed in 1 msec}
INFO : jdbc.audit - 1. PreparedStatement.execute() returned true
INFO : jdbc.resultset - 1. ResultSet.new ResultSet returned 
INFO : jdbc.audit - 1. PreparedStatement.getResultSet() returned net.sf.log4jdbc.sql.jdbcapi.ResultSetSpy@39da5e49
INFO : jdbc.resultset - 1. ResultSet.getMetaData() returned com.mysql.cj.jdbc.result.ResultSetMetaData@2443abd6 - Field level information: 
	com.mysql.cj.result.Field@674da77b[dbName=scoula_db,tableName=tbl_board,originalTableName=tbl_board,columnName=no,originalColumnName=no,mysqlType=3(FIELD_TYPE_INT),sqlType=4,flags= AUTO_INCREMENT PRIMARY_KEY, charsetIndex=63, charsetName=ISO-8859-1]
	com.mysql.cj.result.Field@bd3eff4[dbName=scoula_db,tableName=tbl_board,originalTableName=tbl_board,columnName=title,originalColumnName=title,mysqlType=253(FIELD_TYPE_VARCHAR),sqlType=12,flags=, charsetIndex=255, charsetName=UTF-8]
	com.mysql.cj.result.Field@6010d0d1[dbName=scoula_db,tableName=tbl_board,originalTableName=tbl_board,columnName=content,originalColumnName=content,mysqlType=252(FIELD_TYPE_TEXT),sqlType=-1,flags= BLOB, charsetIndex=255, charsetName=UTF-8]
	com.mysql.cj.result.Field@5934ca1e[dbName=scoula_db,tableName=tbl_board,originalTableName=tbl_board,columnName=writer,originalColumnName=writer,mysqlType=253(FIELD_TYPE_VARCHAR),sqlType=12,flags=, charsetIndex=255, charsetName=UTF-8]
	com.mysql.cj.result.Field@5348d83c[dbName=scoula_db,tableName=tbl_board,originalTableName=tbl_board,columnName=reg_date,originalColumnName=reg_date,mysqlType=12(FIELD_TYPE_DATETIME),sqlType=93,flags= BINARY, charsetIndex=63, charsetName=ISO-8859-1]
	com.mysql.cj.result.Field@477021ee[dbName=scoula_db,tableName=tbl_board,originalTableName=tbl_board,columnName=update_date,originalColumnName=update_date,mysqlType=12(FIELD_TYPE_DATETIME),sqlType=93,flags= BINARY, charsetIndex=63, charsetName=ISO-8859-1]
INFO : jdbc.resultset - 1. ResultSet.getType() returned 1003
INFO : jdbc.resultset - 1. ResultSet.next() returned true
INFO : jdbc.resultset - 1. ResultSet.getLong(no) returned 14
INFO : jdbc.resultset - 1. ResultSet.wasNull() returned false
INFO : jdbc.resultset - 1. ResultSet.getString(title) returned 테스트 새글 제목
INFO : jdbc.resultset - 1. ResultSet.wasNull() returned false
INFO : jdbc.resultset - 1. ResultSet.getClob(content) returned com.mysql.cj.jdbc.Clob@2180e789
INFO : jdbc.resultset - 1. ResultSet.wasNull() returned false
INFO : jdbc.resultset - 1. ResultSet.getString(writer) returned user1
INFO : jdbc.resultset - 1. ResultSet.wasNull() returned false
INFO : jdbc.resultset - 1. ResultSet.getTimestamp(reg_date) returned 2024-08-12 10:59:29.0
INFO : jdbc.resultset - 1. ResultSet.wasNull() returned false
INFO : jdbc.resultset - 1. ResultSet.getTimestamp(update_date) returned 2024-08-12 10:59:29.0
INFO : jdbc.resultset - 1. ResultSet.wasNull() returned false
INFO : jdbc.resultset - 1. ResultSet.next() returned true
INFO : jdbc.resultset - 1. ResultSet.getLong(no) returned 13
INFO : jdbc.resultset - 1. ResultSet.wasNull() returned false
INFO : jdbc.resultset - 1. ResultSet.getString(title) returned 테스트 새글 제목
INFO : jdbc.resultset - 1. ResultSet.wasNull() returned false
INFO : jdbc.resultset - 1. ResultSet.getClob(content) returned com.mysql.cj.jdbc.Clob@5e9bbd9d
INFO : jdbc.resultset - 1. ResultSet.wasNull() returned false
INFO : jdbc.resultset - 1. ResultSet.getString(writer) returned user1
INFO : jdbc.resultset - 1. ResultSet.wasNull() returned false
INFO : jdbc.resultset - 1. ResultSet.getTimestamp(reg_date) returned 2024-08-08 14:03:02.0
INFO : jdbc.resultset - 1. ResultSet.wasNull() returned false
INFO : jdbc.resultset - 1. ResultSet.getTimestamp(update_date) returned 2024-08-08 14:03:02.0
INFO : jdbc.resultset - 1. ResultSet.wasNull() returned false
INFO : jdbc.resultset - 1. ResultSet.next() returned true
INFO : jdbc.resultset - 1. ResultSet.getLong(no) returned 12
INFO : jdbc.resultset - 1. ResultSet.wasNull() returned false
INFO : jdbc.resultset - 1. ResultSet.getString(title) returned 테스트 새글 제목
INFO : jdbc.resultset - 1. ResultSet.wasNull() returned false
INFO : jdbc.resultset - 1. ResultSet.getClob(content) returned com.mysql.cj.jdbc.Clob@4b87074a
INFO : jdbc.resultset - 1. ResultSet.wasNull() returned false
INFO : jdbc.resultset - 1. ResultSet.getString(writer) returned user1
INFO : jdbc.resultset - 1. ResultSet.wasNull() returned false
INFO : jdbc.resultset - 1. ResultSet.getTimestamp(reg_date) returned 2024-08-08 12:15:22.0
INFO : jdbc.resultset - 1. ResultSet.wasNull() returned false
INFO : jdbc.resultset - 1. ResultSet.getTimestamp(update_date) returned 2024-08-08 12:15:22.0
INFO : jdbc.resultset - 1. ResultSet.wasNull() returned false
INFO : jdbc.resultset - 1. ResultSet.next() returned true
INFO : jdbc.resultset - 1. ResultSet.getLong(no) returned 11
INFO : jdbc.resultset - 1. ResultSet.wasNull() returned false
INFO : jdbc.resultset - 1. ResultSet.getString(title) returned 새로 작성하는 글
INFO : jdbc.resultset - 1. ResultSet.wasNull() returned false
INFO : jdbc.resultset - 1. ResultSet.getClob(content) returned com.mysql.cj.jdbc.Clob@d3e3085
INFO : jdbc.resultset - 1. ResultSet.wasNull() returned false
INFO : jdbc.resultset - 1. ResultSet.getString(writer) returned user1
INFO : jdbc.resultset - 1. ResultSet.wasNull() returned false
INFO : jdbc.resultset - 1. ResultSet.getTimestamp(reg_date) returned 2024-08-08 10:56:16.0
INFO : jdbc.resultset - 1. ResultSet.wasNull() returned false
INFO : jdbc.resultset - 1. ResultSet.getTimestamp(update_date) returned 2024-08-08 10:56:16.0
INFO : jdbc.resultset - 1. ResultSet.wasNull() returned false
INFO : jdbc.resultset - 1. ResultSet.next() returned true
INFO : jdbc.resultset - 1. ResultSet.getLong(no) returned 10
INFO : jdbc.resultset - 1. ResultSet.wasNull() returned false
INFO : jdbc.resultset - 1. ResultSet.getString(title) returned 새로 작성하는 글
INFO : jdbc.resultset - 1. ResultSet.wasNull() returned false
INFO : jdbc.resultset - 1. ResultSet.getClob(content) returned com.mysql.cj.jdbc.Clob@2ba42204
INFO : jdbc.resultset - 1. ResultSet.wasNull() returned false
INFO : jdbc.resultset - 1. ResultSet.getString(writer) returned user1
INFO : jdbc.resultset - 1. ResultSet.wasNull() returned false
INFO : jdbc.resultset - 1. ResultSet.getTimestamp(reg_date) returned 2024-08-08 10:51:28.0
INFO : jdbc.resultset - 1. ResultSet.wasNull() returned false
INFO : jdbc.resultset - 1. ResultSet.getTimestamp(update_date) returned 2024-08-08 10:51:28.0
INFO : jdbc.resultset - 1. ResultSet.wasNull() returned false
INFO : jdbc.resultset - 1. ResultSet.next() returned true
INFO : jdbc.resultset - 1. ResultSet.getLong(no) returned 9
INFO : jdbc.resultset - 1. ResultSet.wasNull() returned false
INFO : jdbc.resultset - 1. ResultSet.getString(title) returned 새로 작성하는 글
INFO : jdbc.resultset - 1. ResultSet.wasNull() returned false
INFO : jdbc.resultset - 1. ResultSet.getClob(content) returned com.mysql.cj.jdbc.Clob@285005b8
INFO : jdbc.resultset - 1. ResultSet.wasNull() returned false
INFO : jdbc.resultset - 1. ResultSet.getString(writer) returned user0
INFO : jdbc.resultset - 1. ResultSet.wasNull() returned false
INFO : jdbc.resultset - 1. ResultSet.getTimestamp(reg_date) returned 2024-08-07 12:26:04.0
INFO : jdbc.resultset - 1. ResultSet.wasNull() returned false
INFO : jdbc.resultset - 1. ResultSet.getTimestamp(update_date) returned 2024-08-07 12:26:04.0
INFO : jdbc.resultset - 1. ResultSet.wasNull() returned false
INFO : jdbc.resultset - 1. ResultSet.next() returned true
INFO : jdbc.resultset - 1. ResultSet.getLong(no) returned 8
INFO : jdbc.resultset - 1. ResultSet.wasNull() returned false
INFO : jdbc.resultset - 1. ResultSet.getString(title) returned 새로 작성하는 글
INFO : jdbc.resultset - 1. ResultSet.wasNull() returned false
INFO : jdbc.resultset - 1. ResultSet.getClob(content) returned com.mysql.cj.jdbc.Clob@5b1efaaf
INFO : jdbc.resultset - 1. ResultSet.wasNull() returned false
INFO : jdbc.resultset - 1. ResultSet.getString(writer) returned user0
INFO : jdbc.resultset - 1. ResultSet.wasNull() returned false
INFO : jdbc.resultset - 1. ResultSet.getTimestamp(reg_date) returned 2024-08-07 12:26:00.0
INFO : jdbc.resultset - 1. ResultSet.wasNull() returned false
INFO : jdbc.resultset - 1. ResultSet.getTimestamp(update_date) returned 2024-08-07 12:26:00.0
INFO : jdbc.resultset - 1. ResultSet.wasNull() returned false
INFO : jdbc.resultset - 1. ResultSet.next() returned true
INFO : jdbc.resultset - 1. ResultSet.getLong(no) returned 7
INFO : jdbc.resultset - 1. ResultSet.wasNull() returned false
INFO : jdbc.resultset - 1. ResultSet.getString(title) returned 새로 작성하는 글
INFO : jdbc.resultset - 1. ResultSet.wasNull() returned false
INFO : jdbc.resultset - 1. ResultSet.getClob(content) returned com.mysql.cj.jdbc.Clob@27585351
INFO : jdbc.resultset - 1. ResultSet.wasNull() returned false
INFO : jdbc.resultset - 1. ResultSet.getString(writer) returned user0
INFO : jdbc.resultset - 1. ResultSet.wasNull() returned false
INFO : jdbc.resultset - 1. ResultSet.getTimestamp(reg_date) returned 2024-08-07 12:02:53.0
INFO : jdbc.resultset - 1. ResultSet.wasNull() returned false
INFO : jdbc.resultset - 1. ResultSet.getTimestamp(update_date) returned 2024-08-07 12:02:53.0
INFO : jdbc.resultset - 1. ResultSet.wasNull() returned false
INFO : jdbc.resultset - 1. ResultSet.next() returned true
INFO : jdbc.resultset - 1. ResultSet.getLong(no) returned 5
INFO : jdbc.resultset - 1. ResultSet.wasNull() returned false
INFO : jdbc.resultset - 1. ResultSet.getString(title) returned 수정된 제목
INFO : jdbc.resultset - 1. ResultSet.wasNull() returned false
INFO : jdbc.resultset - 1. ResultSet.getClob(content) returned com.mysql.cj.jdbc.Clob@2de6f1bc
INFO : jdbc.resultset - 1. ResultSet.wasNull() returned false
INFO : jdbc.resultset - 1. ResultSet.getString(writer) returned user00
INFO : jdbc.resultset - 1. ResultSet.wasNull() returned false
INFO : jdbc.resultset - 1. ResultSet.getTimestamp(reg_date) returned 2024-08-07 10:51:01.0
INFO : jdbc.resultset - 1. ResultSet.wasNull() returned false
INFO : jdbc.resultset - 1. ResultSet.getTimestamp(update_date) returned 2024-08-08 09:34:12.0
INFO : jdbc.resultset - 1. ResultSet.wasNull() returned false
INFO : jdbc.resultset - 1. ResultSet.next() returned true
INFO : jdbc.resultset - 1. ResultSet.getLong(no) returned 4
INFO : jdbc.resultset - 1. ResultSet.wasNull() returned false
INFO : jdbc.resultset - 1. ResultSet.getString(title) returned 테스트 제목4
INFO : jdbc.resultset - 1. ResultSet.wasNull() returned false
INFO : jdbc.resultset - 1. ResultSet.getClob(content) returned com.mysql.cj.jdbc.Clob@5b35c7d
INFO : jdbc.resultset - 1. ResultSet.wasNull() returned false
INFO : jdbc.resultset - 1. ResultSet.getString(writer) returned user00
INFO : jdbc.resultset - 1. ResultSet.wasNull() returned false
INFO : jdbc.resultset - 1. ResultSet.getTimestamp(reg_date) returned 2024-08-07 10:51:01.0
INFO : jdbc.resultset - 1. ResultSet.wasNull() returned false
INFO : jdbc.resultset - 1. ResultSet.getTimestamp(update_date) returned 2024-08-07 10:51:01.0
INFO : jdbc.resultset - 1. ResultSet.wasNull() returned false
INFO : jdbc.resultset - 1. ResultSet.next() returned true
INFO : jdbc.resultset - 1. ResultSet.getLong(no) returned 1
INFO : jdbc.resultset - 1. ResultSet.wasNull() returned false
INFO : jdbc.resultset - 1. ResultSet.getString(title) returned 수정된 테스트 새글 제목
INFO : jdbc.resultset - 1. ResultSet.wasNull() returned false
INFO : jdbc.resultset - 1. ResultSet.getClob(content) returned com.mysql.cj.jdbc.Clob@29d405e6
INFO : jdbc.resultset - 1. ResultSet.wasNull() returned false
INFO : jdbc.resultset - 1. ResultSet.getString(writer) returned user00
INFO : jdbc.resultset - 1. ResultSet.wasNull() returned false
INFO : jdbc.resultset - 1. ResultSet.getTimestamp(reg_date) returned 2024-08-07 10:51:01.0
INFO : jdbc.resultset - 1. ResultSet.wasNull() returned false
INFO : jdbc.resultset - 1. ResultSet.getTimestamp(update_date) returned 2024-08-12 10:59:29.0
INFO : jdbc.resultset - 1. ResultSet.wasNull() returned false
INFO : jdbc.resultsettable - 
|---|--------------|---------|-------|----------------------|----------------------|
|no |title         |content  |writer |reg_date              |update_date           |
|---|--------------|---------|-------|----------------------|----------------------|
|14 |테스트 새글 제목     |[unread] |user1  |2024-08-12 10:59:29.0 |2024-08-12 10:59:29.0 |
|13 |테스트 새글 제목     |[unread] |user1  |2024-08-08 14:03:02.0 |2024-08-08 14:03:02.0 |
|12 |테스트 새글 제목     |[unread] |user1  |2024-08-08 12:15:22.0 |2024-08-08 12:15:22.0 |
|11 |새로 작성하는 글     |[unread] |user1  |2024-08-08 10:56:16.0 |2024-08-08 10:56:16.0 |
|10 |새로 작성하는 글     |[unread] |user1  |2024-08-08 10:51:28.0 |2024-08-08 10:51:28.0 |
|9  |새로 작성하는 글     |[unread] |user0  |2024-08-07 12:26:04.0 |2024-08-07 12:26:04.0 |
|8  |새로 작성하는 글     |[unread] |user0  |2024-08-07 12:26:00.0 |2024-08-07 12:26:00.0 |
|7  |새로 작성하는 글     |[unread] |user0  |2024-08-07 12:02:53.0 |2024-08-07 12:02:53.0 |
|5  |수정된 제목        |[unread] |user00 |2024-08-07 10:51:01.0 |2024-08-08 09:34:12.0 |
|4  |테스트 제목4       |[unread] |user00 |2024-08-07 10:51:01.0 |2024-08-07 10:51:01.0 |
|1  |수정된 테스트 새글 제목 |[unread] |user00 |2024-08-07 10:51:01.0 |2024-08-12 10:59:29.0 |
|---|--------------|---------|-------|----------------------|----------------------|

INFO : jdbc.resultset - 1. ResultSet.next() returned false
INFO : jdbc.resultset - 1. ResultSet.close() returned void
INFO : jdbc.audit - 1. Connection.getMetaData() returned com.mysql.cj.jdbc.DatabaseMetaDataUsingInfoSchema@56826a75
INFO : jdbc.audit - 1. PreparedStatement.getMoreResults() returned false
INFO : jdbc.audit - 1. PreparedStatement.getUpdateCount() returned -1
INFO : jdbc.audit - 1. PreparedStatement.isClosed() returned false
INFO : jdbc.audit - 1. PreparedStatement.close() returned 
INFO : jdbc.audit - 1. Connection.clearWarnings() returned 
INFO : org.scoula.board.controller.BoardControllerTest - {list=[BoardDTO(no=14, title=테스트 새글 제목, content=테스트 새글 내용, writer=user1, regDate=Mon Aug 12 10:59:29 KST 2024, updateDate=Mon Aug 12 10:59:29 KST 2024), BoardDTO(no=13, title=테스트 새글 제목, content=테스트 새글 내용, writer=user1, regDate=Thu Aug 08 14:03:02 KST 2024, updateDate=Thu Aug 08 14:03:02 KST 2024), BoardDTO(no=12, title=테스트 새글 제목, content=테스트 새글 내용, writer=user1, regDate=Thu Aug 08 12:15:22 KST 2024, updateDate=Thu Aug 08 12:15:22 KST 2024), BoardDTO(no=11, title=새로 작성하는 글, content=새로 작성하는 내용, writer=user1, regDate=Thu Aug 08 10:56:16 KST 2024, updateDate=Thu Aug 08 10:56:16 KST 2024), BoardDTO(no=10, title=새로 작성하는 글, content=새로 작성하는 내용, writer=user1, regDate=Thu Aug 08 10:51:28 KST 2024, updateDate=Thu Aug 08 10:51:28 KST 2024), BoardDTO(no=9, title=새로 작성하는 글, content=새로 작성하는 내용, writer=user0, regDate=Wed Aug 07 12:26:04 KST 2024, updateDate=Wed Aug 07 12:26:04 KST 2024), BoardDTO(no=8, title=새로 작성하는 글, content=새로 작성하는 내용, writer=user0, regDate=Wed Aug 07 12:26:00 KST 2024, updateDate=Wed Aug 07 12:26:00 KST 2024), BoardDTO(no=7, title=새로 작성하는 글, content=새로 작성하는 내용, writer=user0, regDate=Wed Aug 07 12:02:53 KST 2024, updateDate=Wed Aug 07 12:02:53 KST 2024), BoardDTO(no=5, title=수정된 제목, content=수정된 내용, writer=user00, regDate=Wed Aug 07 10:51:01 KST 2024, updateDate=Thu Aug 08 09:34:12 KST 2024), BoardDTO(no=4, title=테스트 제목4, content=테스트 내용4, writer=user00, regDate=Wed Aug 07 10:51:01 KST 2024, updateDate=Wed Aug 07 10:51:01 KST 2024), BoardDTO(no=1, title=수정된 테스트 새글 제목, content=수정된 테스트 새글 내용, writer=user00, regDate=Wed Aug 07 10:51:01 KST 2024, updateDate=Mon Aug 12 10:59:29 KST 2024)]}
]]></system-out>
  <system-err><![CDATA[]]></system-err>
</testsuite>
